Build started 16.12.2015 0:35:06.
     1>Project "E:\Users\killerwife\C++ Source\Rtree\RtreeApp\RtreeApp.vcxproj" on node 2 (Build target(s)).
     1>CustomBuild:
         Moc'ing rtreeapp.h...
         Uic'ing rtreeapp.ui...
         Moc'ing findform.h...
         Moc'ing addform.h...
         Moc'ing gpsform.h...
         Rcc'ing rtreeapp.qrc...
     1>RCC : warning : No resources in 'E:\Users\killerwife\C++ Source\Rtree\RtreeApp\rtreeapp.qrc'.
         
         Uic'ing gpsform.ui...
         Uic'ing addForm.ui...
         Uic'ing findForm.ui...
       ClCompile:
         C:\Program Files (x86)\Microsoft Visual Studio 12.0\VC\bin\x86_amd64\CL.exe /c /I.\GeneratedFiles /I. /IC:\Qt\5.5\msvc2013_64\include /I.\GeneratedFiles\Release /IC:\Qt\5.5\msvc2013_64\include\QtCore /IC:\Qt\5.5\msvc2013_64\include\QtGui /IC:\Qt\5.5\msvc2013_64\include\QtWidgets /nologo /W1 /WX- /O2 /D UNICODE /D WIN32 /D WIN64 /D QT_DLL /D QT_NO_DEBUG /D NDEBUG /D QT_CORE_LIB /D QT_GUI_LIB /D QT_WIDGETS_LIB /Gm- /EHsc /MD /GS /fp:precise /Zc:wchar_t /Zc:forScope /Fo"x64\Release\\" /Fd"x64\Release\vc120.pdb" /Gd /TP /errorReport:prompt addform.cpp BasicDataFactory.cpp BasicNodeFactory.cpp Data.cpp DatabaseCore.cpp DataFactory.cpp findform.cpp GeneratedFiles\Release\moc_addform.cpp GeneratedFiles\Release\moc_findform.cpp GeneratedFiles\Release\moc_gpsform.cpp GeneratedFiles\Release\moc_rtreeapp.cpp gpsform.cpp main.cpp MBR.cpp node.cpp NodeFactory.cpp point.cpp RealEstate.cpp RealEstateDataFactory.cpp rtree.cpp rtreeapp.cpp
         addform.cpp
         BasicDataFactory.cpp
         BasicNodeFactory.cpp
         Data.cpp
         DatabaseCore.cpp
         DataFactory.cpp
         findform.cpp
         moc_addform.cpp
         moc_findform.cpp
         moc_gpsform.cpp
         moc_rtreeapp.cpp
         gpsform.cpp
         main.cpp
         MBR.cpp
         node.cpp
         NodeFactory.cpp
         point.cpp
         RealEstate.cpp
         RealEstateDataFactory.cpp
         rtree.cpp
         Generating Code...
         Compiling...
         rtreeapp.cpp
         Generating Code...
         C:\Program Files (x86)\Microsoft Visual Studio 12.0\VC\bin\x86_amd64\CL.exe /c /I.\GeneratedFiles /I. /IC:\Qt\5.5\msvc2013_64\include /I.\GeneratedFiles\Release /IC:\Qt\5.5\msvc2013_64\include\QtCore /IC:\Qt\5.5\msvc2013_64\include\QtGui /IC:\Qt\5.5\msvc2013_64\include\QtWidgets /nologo /W1 /WX- /O2 /D UNICODE /D WIN32 /D WIN64 /D QT_DLL /D QT_NO_DEBUG /D NDEBUG /D QT_CORE_LIB /D QT_GUI_LIB /D QT_WIDGETS_LIB /Gm- /EHsc /MD /GS /fp:precise /Zc:wchar_t /Zc:forScope /Fo"x64\Release\\" /Fd"x64\Release\vc120.pdb" /Gd /TP /errorReport:prompt GeneratedFiles\qrc_rtreeapp.cpp
         qrc_rtreeapp.cpp
       Link:
         C:\Program Files (x86)\Microsoft Visual Studio 12.0\VC\bin\x86_amd64\link.exe /ERRORREPORT:PROMPT /OUT:"E:\Users\killerwife\C++ Source\Rtree\x64\Release\\RtreeApp.exe" /NOLOGO /LIBPATH:C:\Qt\5.5\msvc2013_64\lib qtmain.lib Qt5Core.lib Qt5Gui.lib Qt5Widgets.lib kernel32.lib user32.lib gdi32.lib winspool.lib comdlg32.lib advapi32.lib shell32.lib ole32.lib oleaut32.lib uuid.lib odbc32.lib odbccp32.lib /MANIFEST /MANIFESTUAC:"level='asInvoker' uiAccess='false'" /manifest:embed /PDB:"E:\Users\killerwife\C++ Source\Rtree\x64\Release\RtreeApp.pdb" /SUBSYSTEM:WINDOWS /TLBID:1 /DYNAMICBASE /NXCOMPAT /IMPLIB:"E:\Users\killerwife\C++ Source\Rtree\x64\Release\RtreeApp.lib" /MACHINE:X64 x64\Release\addform.obj
         x64\Release\BasicDataFactory.obj
         x64\Release\BasicNodeFactory.obj
         x64\Release\Data.obj
         x64\Release\DatabaseCore.obj
         x64\Release\DataFactory.obj
         x64\Release\findform.obj
         x64\Release\qrc_rtreeapp.obj
         x64\Release\moc_addform.obj
         x64\Release\moc_findform.obj
         x64\Release\moc_gpsform.obj
         x64\Release\moc_rtreeapp.obj
         x64\Release\gpsform.obj
         x64\Release\main.obj
         x64\Release\MBR.obj
         x64\Release\node.obj
         x64\Release\NodeFactory.obj
         x64\Release\point.obj
         x64\Release\RealEstate.obj
         x64\Release\RealEstateDataFactory.obj
         x64\Release\rtree.obj
         x64\Release\rtreeapp.obj
         RtreeApp.vcxproj -> E:\Users\killerwife\C++ Source\Rtree\x64\Release\RtreeApp.exe
     1>Done Building Project "E:\Users\killerwife\C++ Source\Rtree\RtreeApp\RtreeApp.vcxproj" (Build target(s)).

Build succeeded.

Time Elapsed 00:00:12.73
