Build started 08.12.2015 18:33:35.
     1>Project "E:\Users\killerwife\C++ Source\Rtree\RtreeApp\RtreeApp.vcxproj" on node 2 (Build target(s)).
     1>CustomBuild:
         Moc'ing rtreeapp.h...
         Uic'ing rtreeapp.ui...
         File 'E:\Users\killerwife\C++ Source\Rtree\RtreeApp\rtreeapp.ui' is not valid
         Moc'ing findform.h...
         Moc'ing addform.h...
         Moc'ing gpsform.h...
         Rcc'ing rtreeapp.qrc...
     1>RCC : warning : No resources in 'E:\Users\killerwife\C++ Source\Rtree\RtreeApp\rtreeapp.qrc'.
         
         Uic'ing gpsform.ui...
         File 'E:\Users\killerwife\C++ Source\Rtree\RtreeApp\gpsform.ui' is not valid
         Uic'ing addForm.ui...
         File 'E:\Users\killerwife\C++ Source\Rtree\RtreeApp\addForm.ui' is not valid
         Uic'ing findForm.ui...
         File 'E:\Users\killerwife\C++ Source\Rtree\RtreeApp\findForm.ui' is not valid
     1>C:\Program Files (x86)\MSBuild\Microsoft.Cpp\v4.0\V120\Microsoft.CppCommon.targets(170,5): error MSB6006: "cmd.exe" exited with code 1.
     1>Done Building Project "E:\Users\killerwife\C++ Source\Rtree\RtreeApp\RtreeApp.vcxproj" (Build target(s)) -- FAILED.

Build FAILED.

Time Elapsed 00:00:00.81
