Build started 08.12.2015 18:16:03.
     1>Project "E:\Users\killerwife\C++ Source\Rtree\RtreeApp\RtreeApp.vcxproj" on node 2 (Build target(s)).
     1>CustomBuild:
         Moc'ing rtreeapp.h...
     1>E:\Users\killerwife\C++ Source\Rtree\RtreeApp\rtreeapp.h(23): warning : Function declaration RtreeApp::handleAddRealEstateForm contains extra qualification. Ignoring as signal or slot.
     1>E:\Users\killerwife\C++ Source\Rtree\RtreeApp\rtreeapp.h(24): warning : Function declaration RtreeApp::handleEditRealEstateForm contains extra qualification. Ignoring as signal or slot.
     1>E:\Users\killerwife\C++ Source\Rtree\RtreeApp\rtreeapp.h(25): warning : Function declaration RtreeApp::handleFindRealEstateForm contains extra qualification. Ignoring as signal or slot.
     1>E:\Users\killerwife\C++ Source\Rtree\RtreeApp\rtreeapp.h(26): warning : Function declaration RtreeApp::handleRemoveRealEstateForm contains extra qualification. Ignoring as signal or slot.
     1>E:\Users\killerwife\C++ Source\Rtree\RtreeApp\rtreeapp.h(27): warning : Function declaration RtreeApp::handleGenerate contains extra qualification. Ignoring as signal or slot.
     1>E:\Users\killerwife\C++ Source\Rtree\RtreeApp\rtreeapp.h(28): warning : Function declaration RtreeApp::handleAddCoordinate contains extra qualification. Ignoring as signal or slot.
     1>E:\Users\killerwife\C++ Source\Rtree\RtreeApp\rtreeapp.h(29): warning : Function declaration RtreeApp::handleExitCoordinateForm contains extra qualification. Ignoring as signal or slot.
     1>E:\Users\killerwife\C++ Source\Rtree\RtreeApp\rtreeapp.h(30): warning : Function declaration RtreeApp::handleOpenCoordinateForm contains extra qualification. Ignoring as signal or slot.
     1>E:\Users\killerwife\C++ Source\Rtree\RtreeApp\rtreeapp.h(31): warning : Function declaration RtreeApp::handleAddRealEstate contains extra qualification. Ignoring as signal or slot.
     1>E:\Users\killerwife\C++ Source\Rtree\RtreeApp\rtreeapp.h(32): warning : Function declaration RtreeApp::handleCancelAddRealEstate contains extra qualification. Ignoring as signal or slot.
     1>E:\Users\killerwife\C++ Source\Rtree\RtreeApp\rtreeapp.h(33): warning : Function declaration RtreeApp::handleCancelFindRealEstate contains extra qualification. Ignoring as signal or slot.
     1>E:\Users\killerwife\C++ Source\Rtree\RtreeApp\rtreeapp.h(34): warning : Function declaration RtreeApp::handleFindRealEstate contains extra qualification. Ignoring as signal or slot.
         Moc'ing findform.h...
         Moc'ing addform.h...
         Moc'ing gpsform.h...
         Rcc'ing rtreeapp.qrc...
     1>RCC : warning : No resources in 'E:\Users\killerwife\C++ Source\Rtree\RtreeApp\rtreeapp.qrc'.
         
       ClCompile:
         C:\Program Files (x86)\Microsoft Visual Studio 12.0\VC\bin\CL.exe /c /I.\GeneratedFiles /I. /IC:\Qt\5.5\msvc2013_64\include /I.\GeneratedFiles\Debug /IC:\Qt\5.5\msvc2013_64\include\QtCore /IC:\Qt\5.5\msvc2013_64\include\QtGui /IC:\Qt\5.5\msvc2013_64\include\QtWidgets /Zi /nologo /W1 /WX- /Od /Oy- /D UNICODE /D WIN32 /D WIN64 /D QT_DLL /D QT_CORE_LIB /D QT_GUI_LIB /D QT_WIDGETS_LIB /Gm- /EHsc /MDd /GS /fp:precise /Zc:wchar_t /Zc:forScope /Fo"Debug\\" /Fd"Debug\vc120.pdb" /Gd /TP /analyze- /errorReport:prompt addform.cpp BasicDataFactory.cpp BasicNodeFactory.cpp Data.cpp DatabaseCore.cpp DataFactory.cpp findform.cpp GeneratedFiles\Debug\moc_addform.cpp GeneratedFiles\Debug\moc_findform.cpp GeneratedFiles\Debug\moc_gpsform.cpp GeneratedFiles\Debug\moc_rtreeapp.cpp gpsform.cpp main.cpp MBR.cpp node.cpp NodeFactory.cpp point.cpp RealEstate.cpp RealEstateDataFactory.cpp rtree.cpp rtreeapp.cpp
         addform.cpp
     1>e:\users\killerwife\c++ source\rtree\rtreeapp\addform.h(15): error C2039: 'addForm' : is not a member of 'Ui'
     1>e:\users\killerwife\c++ source\rtree\rtreeapp\addform.h(15): error C2460: 'addForm::ui' : uses 'addForm', which is being defined
                 e:\users\killerwife\c++ source\rtree\rtreeapp\addform.h(7) : see declaration of 'addForm'
     1>addform.cpp(6): error C2228: left of '.setupUi' must have class/struct/union
                 type is 'int'
         BasicDataFactory.cpp
         BasicNodeFactory.cpp
         Data.cpp
         DatabaseCore.cpp
         DataFactory.cpp
         findform.cpp
     1>e:\users\killerwife\c++ source\rtree\rtreeapp\findform.h(15): error C2039: 'findForm' : is not a member of 'Ui'
     1>e:\users\killerwife\c++ source\rtree\rtreeapp\findform.h(15): error C2460: 'findForm::ui' : uses 'findForm', which is being defined
                 e:\users\killerwife\c++ source\rtree\rtreeapp\findform.h(7) : see declaration of 'findForm'
     1>findform.cpp(6): error C2228: left of '.setupUi' must have class/struct/union
                 type is 'int'
         moc_addform.cpp
     1>e:\users\killerwife\c++ source\rtree\rtreeapp\generatedfiles\debug\../../addform.h(15): error C2039: 'addForm' : is not a member of 'Ui'
     1>e:\users\killerwife\c++ source\rtree\rtreeapp\generatedfiles\debug\../../addform.h(15): error C2460: 'addForm::ui' : uses 'addForm', which is being defined
                 e:\users\killerwife\c++ source\rtree\rtreeapp\generatedfiles\debug\../../addform.h(7) : see declaration of 'addForm'
         moc_findform.cpp
     1>e:\users\killerwife\c++ source\rtree\rtreeapp\generatedfiles\debug\../../findform.h(15): error C2039: 'findForm' : is not a member of 'Ui'
     1>e:\users\killerwife\c++ source\rtree\rtreeapp\generatedfiles\debug\../../findform.h(15): error C2460: 'findForm::ui' : uses 'findForm', which is being defined
                 e:\users\killerwife\c++ source\rtree\rtreeapp\generatedfiles\debug\../../findform.h(7) : see declaration of 'findForm'
         moc_gpsform.cpp
         moc_rtreeapp.cpp
     1>e:\users\killerwife\c++ source\rtree\rtreeapp\addform.h(15): error C2039: 'addForm' : is not a member of 'Ui'
     1>e:\users\killerwife\c++ source\rtree\rtreeapp\addform.h(15): error C2460: 'addForm::ui' : uses 'addForm', which is being defined
                 e:\users\killerwife\c++ source\rtree\rtreeapp\addform.h(7) : see declaration of 'addForm'
     1>e:\users\killerwife\c++ source\rtree\rtreeapp\findform.h(15): error C2039: 'findForm' : is not a member of 'Ui'
     1>e:\users\killerwife\c++ source\rtree\rtreeapp\findform.h(15): error C2460: 'findForm::ui' : uses 'findForm', which is being defined
                 e:\users\killerwife\c++ source\rtree\rtreeapp\findform.h(7) : see declaration of 'findForm'
         gpsform.cpp
         main.cpp
     1>e:\users\killerwife\c++ source\rtree\rtreeapp\addform.h(15): error C2039: 'addForm' : is not a member of 'Ui'
     1>e:\users\killerwife\c++ source\rtree\rtreeapp\addform.h(15): error C2460: 'addForm::ui' : uses 'addForm', which is being defined
                 e:\users\killerwife\c++ source\rtree\rtreeapp\addform.h(7) : see declaration of 'addForm'
     1>e:\users\killerwife\c++ source\rtree\rtreeapp\findform.h(15): error C2039: 'findForm' : is not a member of 'Ui'
     1>e:\users\killerwife\c++ source\rtree\rtreeapp\findform.h(15): error C2460: 'findForm::ui' : uses 'findForm', which is being defined
                 e:\users\killerwife\c++ source\rtree\rtreeapp\findform.h(7) : see declaration of 'findForm'
         MBR.cpp
         node.cpp
     1>node.cpp(235): warning C4804: '<' : unsafe use of type 'bool' in operation
         NodeFactory.cpp
         point.cpp
         RealEstate.cpp
         RealEstateDataFactory.cpp
         rtree.cpp
         Generating Code...
     1>e:\users\killerwife\c++ source\rtree\rtreeapp\point.cpp(67): warning C4715: 'Point::operator==' : not all control paths return a value
         Compiling...
         rtreeapp.cpp
     1>e:\users\killerwife\c++ source\rtree\rtreeapp\addform.h(15): error C2039: 'addForm' : is not a member of 'Ui'
     1>e:\users\killerwife\c++ source\rtree\rtreeapp\addform.h(15): error C2460: 'addForm::ui' : uses 'addForm', which is being defined
                 e:\users\killerwife\c++ source\rtree\rtreeapp\addform.h(7) : see declaration of 'addForm'
     1>e:\users\killerwife\c++ source\rtree\rtreeapp\findform.h(15): error C2039: 'findForm' : is not a member of 'Ui'
     1>e:\users\killerwife\c++ source\rtree\rtreeapp\findform.h(15): error C2460: 'findForm::ui' : uses 'findForm', which is being defined
                 e:\users\killerwife\c++ source\rtree\rtreeapp\findform.h(7) : see declaration of 'findForm'
     1>rtreeapp.cpp(12): error C2039: 'buttonAddCoordinate' : is not a member of 'Ui::gpsForm'
                 E:\Users\killerwife\C++ Source\Rtree\RtreeApp\GeneratedFiles\ui_gpsform.h(82) : see declaration of 'Ui::gpsForm'
     1>rtreeapp.cpp(13): error C2039: 'buttonExitCoordinate' : is not a member of 'Ui::gpsForm'
                 E:\Users\killerwife\C++ Source\Rtree\RtreeApp\GeneratedFiles\ui_gpsform.h(82) : see declaration of 'Ui::gpsForm'
     1>rtreeapp.cpp(14): error C2228: left of '.buttonAddCoordinate' must have class/struct/union
                 type is 'int'
     1>rtreeapp.cpp(15): error C2228: left of '.buttonOK' must have class/struct/union
                 type is 'int'
     1>rtreeapp.cpp(16): error C2228: left of '.buttonCancel' must have class/struct/union
                 type is 'int'
     1>rtreeapp.cpp(17): error C2228: left of '.buttonCancel' must have class/struct/union
                 type is 'int'
     1>rtreeapp.cpp(18): error C2228: left of '.buttonFind' must have class/struct/union
                 type is 'int'
     1>rtreeapp.cpp(29): error C2228: left of '.textEdit' must have class/struct/union
                 type is 'int'
     1>rtreeapp.cpp(29): error C2227: left of '->setText' must point to class/struct/union/generic type
     1>rtreeapp.cpp(30): error C2228: left of '.lineName' must have class/struct/union
                 type is 'int'
     1>rtreeapp.cpp(30): error C2227: left of '->setText' must point to class/struct/union/generic type
     1>rtreeapp.cpp(31): error C2228: left of '.lineID' must have class/struct/union
                 type is 'int'
     1>rtreeapp.cpp(31): error C2227: left of '->setText' must point to class/struct/union/generic type
     1>rtreeapp.cpp(32): error C2228: left of '.lineDescription' must have class/struct/union
                 type is 'int'
     1>rtreeapp.cpp(32): error C2227: left of '->setText' must point to class/struct/union/generic type
     1>rtreeapp.cpp(33): error C2228: left of '.buttonAdd' must have class/struct/union
                 type is 'int'
     1>rtreeapp.cpp(33): error C2228: left of '.setText' must have class/struct/union
     1>rtreeapp.cpp(39): error C2228: left of '.labelID' must have class/struct/union
                 type is 'int'
     1>rtreeapp.cpp(39): error C2228: left of '.show' must have class/struct/union
     1>rtreeapp.cpp(40): error C2228: left of '.lineID' must have class/struct/union
                 type is 'int'
     1>rtreeapp.cpp(40): error C2228: left of '.show' must have class/struct/union
     1>rtreeapp.cpp(47): error C2228: left of '.labelID' must have class/struct/union
                 type is 'int'
     1>rtreeapp.cpp(47): error C2228: left of '.show' must have class/struct/union
     1>rtreeapp.cpp(48): error C2228: left of '.lineID' must have class/struct/union
                 type is 'int'
     1>rtreeapp.cpp(48): error C2228: left of '.show' must have class/struct/union
     1>rtreeapp.cpp(49): error C2228: left of '.buttonFind' must have class/struct/union
                 type is 'int'
     1>rtreeapp.cpp(49): error C2228: left of '.setText' must have class/struct/union
     1>rtreeapp.cpp(56): error C2228: left of '.labelID' must have class/struct/union
                 type is 'int'
     1>rtreeapp.cpp(56): error C2228: left of '.hide' must have class/struct/union
     1>rtreeapp.cpp(57): error C2228: left of '.lineID' must have class/struct/union
                 type is 'int'
     1>rtreeapp.cpp(57): error C2228: left of '.hide' must have class/struct/union
     1>rtreeapp.cpp(58): error C2228: left of '.buttonFind' must have class/struct/union
                 type is 'int'
     1>rtreeapp.cpp(58): error C2228: left of '.setText' must have class/struct/union
     1>rtreeapp.cpp(107): error C2228: left of '.lineID' must have class/struct/union
                 type is 'int'
     1>rtreeapp.cpp(107): error C2228: left of '.text' must have class/struct/union
     1>rtreeapp.cpp(108): error C2228: left of '.lineName' must have class/struct/union
                 type is 'int'
     1>rtreeapp.cpp(108): error C2228: left of '.text' must have class/struct/union
     1>rtreeapp.cpp(109): error C2228: left of '.lineDescription' must have class/struct/union
                 type is 'int'
     1>rtreeapp.cpp(109): error C2228: left of '.text' must have class/struct/union
     1>rtreeapp.cpp(116): error C2228: left of '.textEdit' must have class/struct/union
                 type is 'int'
     1>rtreeapp.cpp(116): error C2227: left of '->text' must point to class/struct/union/generic type
     1>rtreeapp.cpp(116): error C2228: left of '.toStdString' must have class/struct/union
     1>rtreeapp.cpp(155): error C2228: left of '.lineBLX' must have class/struct/union
                 type is 'int'
     1>rtreeapp.cpp(155): error C2227: left of '->text' must point to class/struct/union/generic type
     1>rtreeapp.cpp(155): error C2228: left of '.toDouble' must have class/struct/union
     1>rtreeapp.cpp(156): error C2228: left of '.lineBLY' must have class/struct/union
                 type is 'int'
     1>rtreeapp.cpp(156): error C2227: left of '->text' must point to class/struct/union/generic type
     1>rtreeapp.cpp(156): error C2228: left of '.toDouble' must have class/struct/union
     1>rtreeapp.cpp(157): error C2228: left of '.lineTRX' must have class/struct/union
                 type is 'int'
     1>rtreeapp.cpp(157): error C2227: left of '->text' must point to class/struct/union/generic type
     1>rtreeapp.cpp(157): error C2228: left of '.toDouble' must have class/struct/union
     1>rtreeapp.cpp(158): error C2228: left of '.lineTRY' must have class/struct/union
                 type is 'int'
     1>rtreeapp.cpp(158): error C2227: left of '->text' must point to class/struct/union/generic type
     1>rtreeapp.cpp(158): error C2228: left of '.toDouble' must have class/struct/union
     1>rtreeapp.cpp(171): error C2228: left of '.lineBLX' must have class/struct/union
                 type is 'int'
     1>rtreeapp.cpp(171): error C2227: left of '->text' must point to class/struct/union/generic type
     1>rtreeapp.cpp(171): error C2228: left of '.toDouble' must have class/struct/union
     1>rtreeapp.cpp(172): error C2228: left of '.lineBLY' must have class/struct/union
                 type is 'int'
     1>rtreeapp.cpp(172): error C2227: left of '->text' must point to class/struct/union/generic type
     1>rtreeapp.cpp(172): error C2228: left of '.toDouble' must have class/struct/union
     1>rtreeapp.cpp(173): error C2228: left of '.lineTRX' must have class/struct/union
                 type is 'int'
     1>rtreeapp.cpp(173): error C2227: left of '->text' must point to class/struct/union/generic type
     1>rtreeapp.cpp(173): error C2228: left of '.toDouble' must have class/struct/union
     1>rtreeapp.cpp(174): error C2228: left of '.lineTRY' must have class/struct/union
                 type is 'int'
     1>rtreeapp.cpp(174): error C2227: left of '->text' must point to class/struct/union/generic type
     1>rtreeapp.cpp(174): error C2228: left of '.toDouble' must have class/struct/union
     1>rtreeapp.cpp(175): error C2228: left of '.lineID' must have class/struct/union
                 type is 'int'
     1>rtreeapp.cpp(175): error C2227: left of '->text' must point to class/struct/union/generic type
     1>rtreeapp.cpp(175): error C2228: left of '.toLong' must have class/struct/union
     1>rtreeapp.cpp(195): error C2228: left of '.lineBLX' must have class/struct/union
                 type is 'int'
     1>rtreeapp.cpp(195): error C2227: left of '->text' must point to class/struct/union/generic type
     1>rtreeapp.cpp(195): error C2228: left of '.toDouble' must have class/struct/union
     1>rtreeapp.cpp(196): error C2228: left of '.lineBLY' must have class/struct/union
                 type is 'int'
     1>rtreeapp.cpp(196): error C2227: left of '->text' must point to class/struct/union/generic type
     1>rtreeapp.cpp(196): error C2228: left of '.toDouble' must have class/struct/union
     1>rtreeapp.cpp(197): error C2228: left of '.lineTRX' must have class/struct/union
                 type is 'int'
     1>rtreeapp.cpp(197): error C2227: left of '->text' must point to class/struct/union/generic type
     1>rtreeapp.cpp(197): error C2228: left of '.toDouble' must have class/struct/union
     1>rtreeapp.cpp(198): error C2228: left of '.lineTRY' must have class/struct/union
                 type is 'int'
     1>rtreeapp.cpp(198): error C2227: left of '->text' must point to class/struct/union/generic type
     1>rtreeapp.cpp(198): error C2228: left of '.toDouble' must have class/struct/union
     1>rtreeapp.cpp(199): error C2228: left of '.lineID' must have class/struct/union
                 type is 'int'
     1>rtreeapp.cpp(199): error C2227: left of '->text' must point to class/struct/union/generic type
     1>rtreeapp.cpp(199): error C2228: left of '.toLong' must have class/struct/union
     1>rtreeapp.cpp(219): error C2228: left of '.lineID' must have class/struct/union
                 type is 'int'
     1>rtreeapp.cpp(219): error C2227: left of '->setText' must point to class/struct/union/generic type
     1>rtreeapp.cpp(220): error C2228: left of '.lineName' must have class/struct/union
                 type is 'int'
     1>rtreeapp.cpp(220): error C2227: left of '->setText' must point to class/struct/union/generic type
     1>rtreeapp.cpp(221): error C2228: left of '.lineDescription' must have class/struct/union
                 type is 'int'
     1>rtreeapp.cpp(221): error C2227: left of '->setText' must point to class/struct/union/generic type
     1>rtreeapp.cpp(227): error C2228: left of '.textEdit' must have class/struct/union
                 type is 'int'
     1>rtreeapp.cpp(227): error C2227: left of '->setText' must point to class/struct/union/generic type
     1>rtreeapp.cpp(230): error C2228: left of '.buttonAdd' must have class/struct/union
                 type is 'int'
     1>rtreeapp.cpp(230): error C2228: left of '.setText' must have class/struct/union
         Generating Code...
     1>Done Building Project "E:\Users\killerwife\C++ Source\Rtree\RtreeApp\RtreeApp.vcxproj" (Build target(s)) -- FAILED.

Build FAILED.

Time Elapsed 00:00:11.15
