e:\users\killerwife\c++ source\rtree\rtreeapp\debug\vc120.pdb
e:\users\killerwife\c++ source\rtree\rtreeapp\debug\rtree.obj
e:\users\killerwife\c++ source\rtree\rtreeapp\debug\realestatedatafactory.obj
e:\users\killerwife\c++ source\rtree\rtreeapp\debug\realestate.obj
e:\users\killerwife\c++ source\rtree\rtreeapp\debug\point.obj
e:\users\killerwife\c++ source\rtree\rtreeapp\debug\nodefactory.obj
e:\users\killerwife\c++ source\rtree\rtreeapp\debug\node.obj
e:\users\killerwife\c++ source\rtree\rtreeapp\debug\mbr.obj
e:\users\killerwife\c++ source\rtree\rtreeapp\debug\gpsform.obj
e:\users\killerwife\c++ source\rtree\rtreeapp\debug\moc_gpsform.obj
e:\users\killerwife\c++ source\rtree\rtreeapp\debug\datafactory.obj
e:\users\killerwife\c++ source\rtree\rtreeapp\debug\databasecore.obj
e:\users\killerwife\c++ source\rtree\rtreeapp\debug\data.obj
e:\users\killerwife\c++ source\rtree\rtreeapp\debug\basicnodefactory.obj
e:\users\killerwife\c++ source\rtree\rtreeapp\debug\basicdatafactory.obj
e:\users\killerwife\c++ source\rtree\rtreeapp\debug\main.obj
e:\users\killerwife\c++ source\rtree\rtreeapp\debug\moc_rtreeapp.obj
e:\users\killerwife\c++ source\rtree\rtreeapp\debug\moc_findform.obj
e:\users\killerwife\c++ source\rtree\rtreeapp\debug\moc_addform.obj
e:\users\killerwife\c++ source\rtree\rtreeapp\debug\findform.obj
e:\users\killerwife\c++ source\rtree\rtreeapp\debug\addform.obj
e:\users\killerwife\c++ source\rtree\rtreeapp\debug\rtreeapp.obj
e:\users\killerwife\c++ source\rtree\rtreeapp\debug\qrc_rtreeapp.obj
e:\users\killerwife\c++ source\rtree\rtreeapp\generatedfiles\ui_addform.h
e:\users\killerwife\c++ source\rtree\rtreeapp\generatedfiles\ui_findform.h
e:\users\killerwife\c++ source\rtree\rtreeapp\generatedfiles\ui_rtreeapp.h
e:\users\killerwife\c++ source\rtree\rtreeapp\generatedfiles\debug\moc_rtreeapp.cpp
e:\users\killerwife\c++ source\rtree\rtreeapp\generatedfiles\qrc_rtreeapp.cpp
e:\users\killerwife\c++ source\rtree\rtreeapp\generatedfiles\debug\moc_findform.cpp
e:\users\killerwife\c++ source\rtree\rtreeapp\generatedfiles\debug\moc_addform.cpp
e:\users\killerwife\c++ source\rtree\rtreeapp\generatedfiles\debug\moc_gpsform.cpp
e:\users\killerwife\c++ source\rtree\rtreeapp\generatedfiles\ui_gpsform.h
e:\users\killerwife\c++ source\rtree\rtreeapp\debug\rtreeapp.tlog\cl.command.1.tlog
e:\users\killerwife\c++ source\rtree\rtreeapp\debug\rtreeapp.tlog\cl.read.1.tlog
e:\users\killerwife\c++ source\rtree\rtreeapp\debug\rtreeapp.tlog\cl.write.1.tlog
e:\users\killerwife\c++ source\rtree\rtreeapp\debug\rtreeapp.tlog\custombuild.command.1.tlog
e:\users\killerwife\c++ source\rtree\rtreeapp\debug\rtreeapp.tlog\custombuild.read.1.tlog
e:\users\killerwife\c++ source\rtree\rtreeapp\debug\rtreeapp.tlog\custombuild.write.1.tlog
e:\users\killerwife\c++ source\rtree\rtreeapp\debug\rtreeapp.tlog\link.command.1.tlog
e:\users\killerwife\c++ source\rtree\rtreeapp\debug\rtreeapp.tlog\link.read.1.tlog
e:\users\killerwife\c++ source\rtree\rtreeapp\debug\rtreeapp.tlog\link.write.1.tlog
